<?xml version="1.0" encoding="UTF-8"?>
<!-- Generated by org.testng.reporters.JUnitReportReporter -->
<testsuite hostname="DESKTOP-JGGV311" failures="0" tests="4" name="com.testng.KeywordsAnnotations" time="0.120" errors="0" timestamp="2023-08-14T21:16:55 IST" skipped="2">
  <testcase classname="com.testng.KeywordsAnnotations" name="logintest" time="0.056"/>
  <testcase classname="com.testng.KeywordsAnnotations" name="dealstest" time="0.052">
    <skipped/>
  </testcase> <!-- dealstest -->
  <testcase classname="com.testng.KeywordsAnnotations" name="claimtest" time="0.012"/>
  <testcase classname="com.testng.KeywordsAnnotations" name="homepagetest">
    <skipped/>
  </testcase> <!-- homepagetest -->
</testsuite> <!-- com.testng.KeywordsAnnotations -->
