<?xml version="1.0" encoding="UTF-8"?>
<!-- Generated by org.testng.reporters.JUnitReportReporter -->
<testsuite hostname="DESKTOP-JGGV311" failures="0" tests="4" name="com.testng.Dataprovider" time="0.338" errors="0" timestamp="2024-06-25T13:54:01 IST" skipped="0">
  <testcase classname="com.testng.Dataprovider" name="logintest" time="0.061"/>
  <system-out/>
  <testcase classname="com.testng.Dataprovider" name="logintest" time="0.084"/>
  <system-out/>
  <testcase classname="com.testng.Dataprovider" name="homepagetest" time="0.098"/>
  <system-out/>
  <testcase classname="com.testng.Dataprovider" name="homepagetest" time="0.095"/>
  <system-out/>
</testsuite> <!-- com.testng.Dataprovider -->
