<?xml version="1.0" encoding="UTF-8"?>
<!-- Generated by org.testng.reporters.JUnitReportReporter -->
<testsuite hostname="DESKTOP-JGGV311" failures="0" tests="2" name="com.testng.Annotations" time="0.184" errors="0" timestamp="2024-06-25T13:54:00 IST" skipped="0">
  <testcase classname="com.testng.Annotations" name="logintest" time="0.139"/>
  <system-out/>
  <testcase classname="com.testng.Annotations" name="homepagetest" time="0.045"/>
  <system-out/>
</testsuite> <!-- com.testng.Annotations -->
