<?xml version="1.0" encoding="UTF-8"?>
<!-- Generated by org.testng.reporters.JUnitReportReporter -->
<testsuite hostname="DESKTOP-JGGV311" failures="0" tests="2" name="com.testng.Annotations" time="0.148" errors="0" timestamp="2023-08-20T17:38:52 IST" skipped="0">
  <testcase classname="com.testng.Annotations" name="logintest" time="0.073"/>
  <testcase classname="com.testng.Annotations" name="homepagetest" time="0.075"/>
</testsuite> <!-- com.testng.Annotations -->
