<?xml version="1.0" encoding="UTF-8"?>
<!-- Generated by org.testng.reporters.JUnitReportReporter -->
<testsuite hostname="DESKTOP-JGGV311" failures="0" tests="4" name="com.testng.KeywordsAnnotations" time="0.098" errors="0" timestamp="2023-07-17T21:35:27 IST" skipped="2">
  <testcase classname="com.testng.KeywordsAnnotations" name="logintest" time="0.014"/>
  <testcase classname="com.testng.KeywordsAnnotations" name="dealstest" time="0.073">
    <skipped/>
  </testcase> <!-- dealstest -->
  <testcase classname="com.testng.KeywordsAnnotations" name="claimtest" time="0.011"/>
  <testcase classname="com.testng.KeywordsAnnotations" name="homepagetest">
    <skipped/>
  </testcase> <!-- homepagetest -->
</testsuite> <!-- com.testng.KeywordsAnnotations -->
