<?xml version="1.0" encoding="UTF-8"?>
<!-- Generated by org.testng.reporters.JUnitReportReporter -->
<testsuite hostname="DESKTOP-JGGV311" failures="0" tests="5" name="com.testng.KeywordsAnnotations" time="0.170" errors="0" timestamp="2023-09-04T00:12:17 IST" skipped="2">
  <testcase classname="com.testng.KeywordsAnnotations" name="logintest" time="0.021"/>
  <testcase classname="com.testng.KeywordsAnnotations" name="logintest" time="0.020"/>
  <testcase classname="com.testng.KeywordsAnnotations" name="dealstest" time="0.081">
    <skipped/>
  </testcase> <!-- dealstest -->
  <testcase classname="com.testng.KeywordsAnnotations" name="claimtest" time="0.048"/>
  <testcase classname="com.testng.KeywordsAnnotations" name="homepagetest">
    <skipped/>
  </testcase> <!-- homepagetest -->
</testsuite> <!-- com.testng.KeywordsAnnotations -->
