<?xml version="1.0" encoding="UTF-8"?>
<!-- Generated by org.testng.reporters.JUnitReportReporter -->
<<<<<<< HEAD
<testsuite hostname="DESKTOP-JGGV311" failures="0" tests="2" name="com.testng.Annotations" time="0.184" errors="0" timestamp="2024-06-25T13:54:00 IST" skipped="0">
  <testcase classname="com.testng.Annotations" name="logintest" time="0.139"/>
  <system-out/>
  <testcase classname="com.testng.Annotations" name="homepagetest" time="0.045"/>
  <system-out/>
=======
<testsuite hostname="DESKTOP-JGGV311" failures="0" tests="2" name="com.testng.Annotations" time="0.075" errors="0" timestamp="2023-09-04T00:12:17 IST" skipped="0">
  <testcase classname="com.testng.Annotations" name="logintest" time="0.055"/>
  <testcase classname="com.testng.Annotations" name="homepagetest" time="0.020"/>
>>>>>>> be70415437db940d476e691bea7df50aa8853688
</testsuite> <!-- com.testng.Annotations -->
