<?xml version="1.0" encoding="UTF-8"?>
<!-- Generated by org.testng.reporters.JUnitReportReporter -->
<testsuite hostname="DESKTOP-JGGV311" failures="0" tests="4" name="com.testng.KeywordsAnnotations" time="0.362" errors="0" timestamp="2024-06-25T13:54:00 IST" skipped="2">
  <testcase classname="com.testng.KeywordsAnnotations" name="logintest" time="0.099"/>
  <system-out/>
  <testcase classname="com.testng.KeywordsAnnotations" name="dealstest" time="0.197">
    <skipped/>
  </testcase> <!-- dealstest -->
  <system-out/>
  <testcase classname="com.testng.KeywordsAnnotations" name="claimtest" time="0.066"/>
  <system-out/>
  <testcase classname="com.testng.KeywordsAnnotations" name="homepagetest">
    <skipped/>
  </testcase> <!-- homepagetest -->
  <system-out/>
</testsuite> <!-- com.testng.KeywordsAnnotations -->
