<?xml version="1.0" encoding="UTF-8"?>
<!-- Generated by org.testng.reporters.JUnitReportReporter -->
<testsuite hostname="DESKTOP-JGGV311" failures="0" tests="2" name="com.testng.Annotations" time="0.144" errors="0" timestamp="2023-07-17T21:35:27 IST" skipped="0">
  <testcase classname="com.testng.Annotations" name="logintest" time="0.091"/>
  <testcase classname="com.testng.Annotations" name="homepagetest" time="0.053"/>
</testsuite> <!-- com.testng.Annotations -->
