<?xml version="1.0" encoding="UTF-8"?>
<!-- Generated by org.testng.reporters.JUnitReportReporter -->
<testsuite hostname="DESKTOP-JGGV311" failures="0" tests="4" name="com.testng.Dataprovider" time="0.134" errors="0" timestamp="2023-08-20T17:34:08 IST" skipped="0">
  <testcase classname="com.testng.Dataprovider" name="logintest" time="0.044"/>
  <testcase classname="com.testng.Dataprovider" name="logintest" time="0.050"/>
  <testcase classname="com.testng.Dataprovider" name="homepagetest" time="0.028"/>
  <testcase classname="com.testng.Dataprovider" name="homepagetest" time="0.012"/>
</testsuite> <!-- com.testng.Dataprovider -->
