<?xml version="1.0" encoding="UTF-8"?>
<!-- Generated by org.testng.reporters.JUnitReportReporter -->
<testsuite hostname="DESKTOP-JGGV311" failures="0" tests="6" name="com.testng.Dataprovider" time="0.148" errors="0" timestamp="2023-09-04T00:12:17 IST" skipped="0">
  <testcase classname="com.testng.Dataprovider" name="logintest" time="0.016"/>
  <testcase classname="com.testng.Dataprovider" name="homepagetest" time="0.019"/>
  <testcase classname="com.testng.Dataprovider" name="logintest" time="0.016"/>
  <testcase classname="com.testng.Dataprovider" name="logintest" time="0.045"/>
  <testcase classname="com.testng.Dataprovider" name="homepagetest" time="0.029"/>
  <testcase classname="com.testng.Dataprovider" name="homepagetest" time="0.023"/>
</testsuite> <!-- com.testng.Dataprovider -->
