<?xml version="1.0" encoding="UTF-8"?>
<!-- Generated by org.testng.reporters.JUnitReportReporter -->
<testsuite hostname="DESKTOP-JGGV311" failures="0" tests="5" name="com.DEMO.Demo" time="0.640" errors="0" timestamp="2024-07-17T21:13:16 IST" skipped="0">
  <testcase classname="com.DEMO.Demo" name="test" time="0.068"/>
  <testcase classname="com.DEMO.Demo" name="test" time="0.080"/>
  <testcase classname="com.DEMO.Demo" name="m1" time="0.205"/>
  <testcase classname="com.DEMO.Demo" name="m2" time="0.056"/>
  <testcase classname="com.DEMO.Demo" name="m3" time="0.231"/>
</testsuite> <!-- com.DEMO.Demo -->
