<?xml version="1.0" encoding="UTF-8"?>
<!-- Generated by org.testng.reporters.JUnitReportReporter -->
<testsuite hostname="DESKTOP-JGGV311" failures="0" tests="4" name="com.testng.KeywordsAnnotations" time="0.086" errors="0" timestamp="2023-08-20T17:30:28 IST" skipped="2">
  <testcase classname="com.testng.KeywordsAnnotations" name="logintest" time="0.030"/>
  <testcase classname="com.testng.KeywordsAnnotations" name="dealstest" time="0.046">
    <skipped/>
  </testcase> <!-- dealstest -->
  <testcase classname="com.testng.KeywordsAnnotations" name="claimtest" time="0.010"/>
  <testcase classname="com.testng.KeywordsAnnotations" name="homepagetest">
    <skipped/>
  </testcase> <!-- homepagetest -->
</testsuite> <!-- com.testng.KeywordsAnnotations -->
