<?xml version="1.0" encoding="UTF-8"?>
<!-- Generated by org.testng.reporters.JUnitReportReporter -->
<testsuite hostname="DESKTOP-JGGV311" failures="0" tests="1" name="com.testng.Annotations" time="0.227" errors="0" timestamp="2023-07-17T22:00:06 IST" skipped="0">
  <testcase classname="com.testng.Annotations" name="homepagetest" time="0.227"/>
</testsuite> <!-- com.testng.Annotations -->
