<?xml version="1.0" encoding="UTF-8"?>
<!-- Generated by org.testng.reporters.JUnitReportReporter -->
<testsuite hostname="DESKTOP-JGGV311" failures="0" tests="4" name="com.testng.Dataprovider" time="0.107" errors="0" timestamp="2023-08-14T21:16:55 IST" skipped="0">
  <testcase classname="com.testng.Dataprovider" name="logintest" time="0.015"/>
  <testcase classname="com.testng.Dataprovider" name="logintest" time="0.012"/>
  <testcase classname="com.testng.Dataprovider" name="homepagetest" time="0.009"/>
  <testcase classname="com.testng.Dataprovider" name="homepagetest" time="0.071"/>
</testsuite> <!-- com.testng.Dataprovider -->
