<?xml version="1.0" encoding="UTF-8"?>
<!-- Generated by org.testng.reporters.JUnitReportReporter -->
<testsuite hostname="DESKTOP-JGGV311" failures="0" tests="5" name="com.DEMO.Demo" time="0.381" errors="0" timestamp="2023-09-07T00:35:08 IST" skipped="0">
  <testcase classname="com.DEMO.Demo" name="test" time="0.064"/>
  <testcase classname="com.DEMO.Demo" name="test" time="0.088"/>
  <testcase classname="com.DEMO.Demo" name="m1" time="0.145"/>
  <testcase classname="com.DEMO.Demo" name="m2" time="0.023"/>
  <testcase classname="com.DEMO.Demo" name="m3" time="0.061"/>
</testsuite> <!-- com.DEMO.Demo -->
