<?xml version="1.0" encoding="UTF-8"?>
<!-- Generated by org.testng.reporters.JUnitReportReporter -->
<testsuite hostname="DESKTOP-JGGV311" failures="0" tests="3" name="com.DEMO.Demo1" time="0.015" errors="0" timestamp="2023-09-05T01:38:39 IST" skipped="2">
  <testcase classname="com.DEMO.Demo1" name="m4" time="0.001">
    <skipped/>
  </testcase> <!-- m4 -->
  <testcase classname="com.DEMO.Demo1" name="m5" time="0.002">
    <skipped/>
  </testcase> <!-- m5 -->
  <testcase classname="com.DEMO.Demo1" name="m6" time="0.012"/>
</testsuite> <!-- com.DEMO.Demo1 -->
