<?xml version="1.0" encoding="UTF-8"?>
<!-- Generated by org.testng.reporters.JUnitReportReporter -->
<testsuite hostname="DESKTOP-JGGV311" failures="0" tests="4" name="com.testng.Dataprovider" time="0.094" errors="0" timestamp="2023-07-17T21:35:27 IST" skipped="0">
  <testcase classname="com.testng.Dataprovider" name="logintest" time="0.025"/>
  <testcase classname="com.testng.Dataprovider" name="logintest" time="0.028"/>
  <testcase classname="com.testng.Dataprovider" name="homepagetest" time="0.017"/>
  <testcase classname="com.testng.Dataprovider" name="homepagetest" time="0.024"/>
</testsuite> <!-- com.testng.Dataprovider -->
