<?xml version="1.0" encoding="UTF-8"?>
<!-- Generated by org.testng.reporters.JUnitReportReporter -->
<<<<<<< HEAD
<testsuite hostname="DESKTOP-JGGV311" failures="0" tests="4" name="com.testng.KeywordsAnnotations" time="0.362" errors="0" timestamp="2024-06-25T13:54:00 IST" skipped="2">
  <testcase classname="com.testng.KeywordsAnnotations" name="logintest" time="0.099"/>
  <system-out/>
  <testcase classname="com.testng.KeywordsAnnotations" name="dealstest" time="0.197">
    <skipped/>
  </testcase> <!-- dealstest -->
  <system-out/>
  <testcase classname="com.testng.KeywordsAnnotations" name="claimtest" time="0.066"/>
  <system-out/>
=======
<testsuite hostname="DESKTOP-JGGV311" failures="0" tests="5" name="com.testng.KeywordsAnnotations" time="0.170" errors="0" timestamp="2023-09-04T00:12:17 IST" skipped="2">
  <testcase classname="com.testng.KeywordsAnnotations" name="logintest" time="0.021"/>
  <testcase classname="com.testng.KeywordsAnnotations" name="logintest" time="0.020"/>
  <testcase classname="com.testng.KeywordsAnnotations" name="dealstest" time="0.081">
    <skipped/>
  </testcase> <!-- dealstest -->
  <testcase classname="com.testng.KeywordsAnnotations" name="claimtest" time="0.048"/>
>>>>>>> be70415437db940d476e691bea7df50aa8853688
  <testcase classname="com.testng.KeywordsAnnotations" name="homepagetest">
    <skipped/>
  </testcase> <!-- homepagetest -->
  <system-out/>
</testsuite> <!-- com.testng.KeywordsAnnotations -->
